  % Total    % Received % Xferd  Average Speed   Time    Time     Time  Current
                                 Dload  Upload   Total   Spent    Left  Speed
  0     0    0     0    0     0      0      0 --:--:-- --:--:-- --:--:--     0*   Trying 3.137.147.88:80...
* Connected to ec2-3-137-147-88.us-east-2.compute.amazonaws.com (3.137.147.88) port 80 (#0)
> GET / HTTP/1.1
> Host: ec2-3-137-147-88.us-east-2.compute.amazonaws.com
> User-Agent: curl/7.77.0
> Accept: */*
> Cookie: login=eyJ1c2VybmFtZSI6ImF3ZGVvcmlvIn0.ZdFvTg.N2_rL4ubn3qYOhFaB1UPgTYio4g
> 
* Mark bundle as not supporting multiuse
< HTTP/1.1 200 OK
< Server: nginx/1.18.0 (Ubuntu)
< Date: Sun, 18 Feb 2024 02:46:28 GMT
< Content-Type: text/html; charset=utf-8
< Content-Length: 580
< Connection: keep-alive
< Vary: Cookie
< 
{ [580 bytes data]
100   580  100   580    0     0   6380      0 --:--:-- --:--:-- --:--:--  7073
* Connection #0 to host ec2-3-137-147-88.us-east-2.compute.amazonaws.com left intact
